<?xml version="1.0" encoding="UTF-8"?>
<testsuite xmlns:xsi="http://www.w3.org/2001/XMLSchema-instance" xsi:noNamespaceSchemaLocation="https://maven.apache.org/surefire/maven-surefire-plugin/xsd/surefire-test-report-3.0.xsd" version="3.0" name="com.fakeapistoreapi.tests.cart.CreateCartTest" time="3.045" tests="2" errors="0" skipped="0" failures="0">
  <properties>
[...]
</properties>
  <testcase name="createCartWithMissingOptionalFields" classname="com.fakeapistoreapi.tests.cart.CreateCartTest" time="1.572">
    <system-out><![CDATA[Request method:	POST
Request URI:	https://fakestoreapi.com/users
Proxy:			<none>
Request params:	<none>
Query params:	<none>
Form params:	<none>
Path params:	<none>
Headers:		Accept=application/json, application/javascript, text/javascript, text/json
				Content-Type=application/json
Cookies:		<none>
Multiparts:		<none>
Body:
{
    "id": 0,
    "email": "john.doe+dc1c27c5@example.com",
    "username": "johndoe_bf1d8844",
    "password": "Password123",
    "name": {
        "firstname": "John",
        "lastname": "Doe"
    },
    "address": {
        "city": "kilcoole",
        "street": "7835 new road",
        "number": 3,
        "zipcode": "12926-3874",
        "geolocation": {
            "lat": "-37.3159",
            "long": "81.1496"
        }
    },
    "phone": "1-570-236-7033"
}
Request method:	POST
Request URI:	https://fakestoreapi.com/users
Proxy:			<none>
Request params:	<none>
Query params:	<none>
Form params:	<none>
Path params:	<none>
Headers:		Accept=application/json, application/javascript, text/javascript, text/json
				Content-Type=application/json
Cookies:		<none>
Multiparts:		<none>
Body:
{
    "id": 0,
    "email": "john.doe+dc1c27c5@example.com",
    "username": "johndoe_bf1d8844",
    "password": "Password123",
    "name": {
        "firstname": "John",
        "lastname": "Doe"
    },
    "address": {
        "city": "kilcoole",
        "street": "7835 new road",
        "number": 3,
        "zipcode": "12926-3874",
        "geolocation": {
            "lat": "-37.3159",
            "long": "81.1496"
        }
    },
    "phone": "1-570-236-7033"
}
Request method:	POST
Request URI:	https://fakestoreapi.com/users
Proxy:			<none>
Request params:	<none>
Query params:	<none>
Form params:	<none>
Path params:	<none>
Headers:		Accept=application/json, application/javascript, text/javascript, text/json
				Content-Type=application/json
Cookies:		<none>
Multiparts:		<none>
Body:
{
    "id": 0,
    "email": "john.doe+dc1c27c5@example.com",
    "username": "johndoe_bf1d8844",
    "password": "Password123",
    "name": {
        "firstname": "John",
        "lastname": "Doe"
    },
    "address": {
        "city": "kilcoole",
        "street": "7835 new road",
        "number": 3,
        "zipcode": "12926-3874",
        "geolocation": {
            "lat": "-37.3159",
            "long": "81.1496"
        }
    },
    "phone": "1-570-236-7033"
}
Request method:	POST
Request URI:	https://fakestoreapi.com/users
Proxy:			<none>
Request params:	<none>
Query params:	<none>
Form params:	<none>
Path params:	<none>
Headers:		Accept=application/json, application/javascript, text/javascript, text/json
				Content-Type=application/json
Cookies:		<none>
Multiparts:		<none>
Body:
{
    "id": 0,
    "email": "john.doe+dc1c27c5@example.com",
    "username": "johndoe_bf1d8844",
    "password": "Password123",
    "name": {
        "firstname": "John",
        "lastname": "Doe"
    },
    "address": {
        "city": "kilcoole",
        "street": "7835 new road",
        "number": 3,
        "zipcode": "12926-3874",
        "geolocation": {
            "lat": "-37.3159",
            "long": "81.1496"
        }
    },
    "phone": "1-570-236-7033"
}
Request method:	POST
Request URI:	https://fakestoreapi.com/users
Proxy:			<none>
Request params:	<none>
Query params:	<none>
Form params:	<none>
Path params:	<none>
Headers:		Accept=application/json, application/javascript, text/javascript, text/json
				Content-Type=application/json
Cookies:		<none>
Multiparts:		<none>
Body:
{
    "id": 0,
    "email": "john.doe+dc1c27c5@example.com",
    "username": "johndoe_bf1d8844",
    "password": "Password123",
    "name": {
        "firstname": "John",
        "lastname": "Doe"
    },
    "address": {
        "city": "kilcoole",
        "street": "7835 new road",
        "number": 3,
        "zipcode": "12926-3874",
        "geolocation": {
            "lat": "-37.3159",
            "long": "81.1496"
        }
    },
    "phone": "1-570-236-7033"
}
Request method:	POST
Request URI:	https://fakestoreapi.com/users
Proxy:			<none>
Request params:	<none>
Query params:	<none>
Form params:	<none>
Path params:	<none>
Headers:		Accept=application/json, application/javascript, text/javascript, text/json
				Content-Type=application/json
Cookies:		<none>
Multiparts:		<none>
Body:
{
    "id": 0,
    "email": "john.doe+dc1c27c5@example.com",
    "username": "johndoe_bf1d8844",
    "password": "Password123",
    "name": {
        "firstname": "John",
        "lastname": "Doe"
    },
    "address": {
        "city": "kilcoole",
        "street": "7835 new road",
        "number": 3,
        "zipcode": "12926-3874",
        "geolocation": {
            "lat": "-37.3159",
            "long": "81.1496"
        }
    },
    "phone": "1-570-236-7033"
}
Request method:	POST
Request URI:	https://fakestoreapi.com/users
Proxy:			<none>
Request params:	<none>
Query params:	<none>
Form params:	<none>
Path params:	<none>
Headers:		Accept=application/json, application/javascript, text/javascript, text/json
				Content-Type=application/json
Cookies:		<none>
Multiparts:		<none>
Body:
{
    "id": 0,
    "email": "john.doe+dc1c27c5@example.com",
    "username": "johndoe_bf1d8844",
    "password": "Password123",
    "name": {
        "firstname": "John",
        "lastname": "Doe"
    },
    "address": {
        "city": "kilcoole",
        "street": "7835 new road",
        "number": 3,
        "zipcode": "12926-3874",
        "geolocation": {
            "lat": "-37.3159",
            "long": "81.1496"
        }
    },
    "phone": "1-570-236-7033"
}
Request method:	POST
Request URI:	https://fakestoreapi.com/carts
Proxy:			<none>
Request params:	<none>
Query params:	<none>
Form params:	<none>
Path params:	<none>
Headers:		Accept=application/json, application/javascript, text/javascript, text/json
				Content-Type=application/json
Cookies:		<none>
Multiparts:		<none>
Body:
{
    "id": 0,
    "userId": 11,
    "date": "2025-08-13",
    "products": [
        
    ]
}
Request method:	POST
Request URI:	https://fakestoreapi.com/carts
Proxy:			<none>
Request params:	<none>
Query params:	<none>
Form params:	<none>
Path params:	<none>
Headers:		Accept=application/json, application/javascript, text/javascript, text/json
				Content-Type=application/json
Cookies:		<none>
Multiparts:		<none>
Body:
{
    "id": 0,
    "userId": 11,
    "date": "2025-08-13",
    "products": [
        
    ]
}
Request method:	POST
Request URI:	https://fakestoreapi.com/carts
Proxy:			<none>
Request params:	<none>
Query params:	<none>
Form params:	<none>
Path params:	<none>
Headers:		Accept=application/json, application/javascript, text/javascript, text/json
				Content-Type=application/json
Cookies:		<none>
Multiparts:		<none>
Body:
{
    "id": 0,
    "userId": 11,
    "date": "2025-08-13",
    "products": [
        
    ]
}
Request method:	POST
Request URI:	https://fakestoreapi.com/carts
Proxy:			<none>
Request params:	<none>
Query params:	<none>
Form params:	<none>
Path params:	<none>
Headers:		Accept=application/json, application/javascript, text/javascript, text/json
				Content-Type=application/json
Cookies:		<none>
Multiparts:		<none>
Body:
{
    "id": 0,
    "userId": 11,
    "date": "2025-08-13",
    "products": [
        
    ]
}
Request method:	POST
Request URI:	https://fakestoreapi.com/carts
Proxy:			<none>
Request params:	<none>
Query params:	<none>
Form params:	<none>
Path params:	<none>
Headers:		Accept=application/json, application/javascript, text/javascript, text/json
				Content-Type=application/json
Cookies:		<none>
Multiparts:		<none>
Body:
{
    "id": 0,
    "userId": 11,
    "date": "2025-08-13",
    "products": [
        
    ]
}
Request method:	POST
Request URI:	https://fakestoreapi.com/carts
Proxy:			<none>
Request params:	<none>
Query params:	<none>
Form params:	<none>
Path params:	<none>
Headers:		Accept=application/json, application/javascript, text/javascript, text/json
				Content-Type=application/json
Cookies:		<none>
Multiparts:		<none>
Body:
{
    "id": 0,
    "userId": 11,
    "date": "2025-08-13",
    "products": [
        
    ]
}
Request method:	POST
Request URI:	https://fakestoreapi.com/carts
Proxy:			<none>
Request params:	<none>
Query params:	<none>
Form params:	<none>
Path params:	<none>
Headers:		Accept=application/json, application/javascript, text/javascript, text/json
				Content-Type=application/json
Cookies:		<none>
Multiparts:		<none>
Body:
{
    "id": 0,
    "userId": 11,
    "date": "2025-08-13",
    "products": [
        
    ]
}
]]></system-out>
  </testcase>
  <testcase name="createValidCart" classname="com.fakeapistoreapi.tests.cart.CreateCartTest" time="1.467">
    <system-out><![CDATA[Request method:	POST
Request URI:	https://fakestoreapi.com/users
Proxy:			<none>
Request params:	<none>
Query params:	<none>
Form params:	<none>
Path params:	<none>
Headers:		Accept=application/json, application/javascript, text/javascript, text/json
				Content-Type=application/json
Cookies:		<none>
Multiparts:		<none>
Body:
{
    "id": 0,
    "email": "john.doe+e696bf77@example.com",
    "username": "johndoe_284f9e0f",
    "password": "Password123",
    "name": {
        "firstname": "John",
        "lastname": "Doe"
    },
    "address": {
        "city": "kilcoole",
        "street": "7835 new road",
        "number": 3,
        "zipcode": "12926-3874",
        "geolocation": {
            "lat": "-37.3159",
            "long": "81.1496"
        }
    },
    "phone": "1-570-236-7033"
}
Request method:	POST
Request URI:	https://fakestoreapi.com/users
Proxy:			<none>
Request params:	<none>
Query params:	<none>
Form params:	<none>
Path params:	<none>
Headers:		Accept=application/json, application/javascript, text/javascript, text/json
				Content-Type=application/json
Cookies:		<none>
Multiparts:		<none>
Body:
{
    "id": 0,
    "email": "john.doe+e696bf77@example.com",
    "username": "johndoe_284f9e0f",
    "password": "Password123",
    "name": {
        "firstname": "John",
        "lastname": "Doe"
    },
    "address": {
        "city": "kilcoole",
        "street": "7835 new road",
        "number": 3,
        "zipcode": "12926-3874",
        "geolocation": {
            "lat": "-37.3159",
            "long": "81.1496"
        }
    },
    "phone": "1-570-236-7033"
}
Request method:	POST
Request URI:	https://fakestoreapi.com/users
Proxy:			<none>
Request params:	<none>
Query params:	<none>
Form params:	<none>
Path params:	<none>
Headers:		Accept=application/json, application/javascript, text/javascript, text/json
				Content-Type=application/json
Cookies:		<none>
Multiparts:		<none>
Body:
{
    "id": 0,
    "email": "john.doe+e696bf77@example.com",
    "username": "johndoe_284f9e0f",
    "password": "Password123",
    "name": {
        "firstname": "John",
        "lastname": "Doe"
    },
    "address": {
        "city": "kilcoole",
        "street": "7835 new road",
        "number": 3,
        "zipcode": "12926-3874",
        "geolocation": {
            "lat": "-37.3159",
            "long": "81.1496"
        }
    },
    "phone": "1-570-236-7033"
}
Request method:	POST
Request URI:	https://fakestoreapi.com/users
Proxy:			<none>
Request params:	<none>
Query params:	<none>
Form params:	<none>
Path params:	<none>
Headers:		Accept=application/json, application/javascript, text/javascript, text/json
				Content-Type=application/json
Cookies:		<none>
Multiparts:		<none>
Body:
{
    "id": 0,
    "email": "john.doe+e696bf77@example.com",
    "username": "johndoe_284f9e0f",
    "password": "Password123",
    "name": {
        "firstname": "John",
        "lastname": "Doe"
    },
    "address": {
        "city": "kilcoole",
        "street": "7835 new road",
        "number": 3,
        "zipcode": "12926-3874",
        "geolocation": {
            "lat": "-37.3159",
            "long": "81.1496"
        }
    },
    "phone": "1-570-236-7033"
}
Request method:	POST
Request URI:	https://fakestoreapi.com/users
Proxy:			<none>
Request params:	<none>
Query params:	<none>
Form params:	<none>
Path params:	<none>
Headers:		Accept=application/json, application/javascript, text/javascript, text/json
				Content-Type=application/json
Cookies:		<none>
Multiparts:		<none>
Body:
{
    "id": 0,
    "email": "john.doe+e696bf77@example.com",
    "username": "johndoe_284f9e0f",
    "password": "Password123",
    "name": {
        "firstname": "John",
        "lastname": "Doe"
    },
    "address": {
        "city": "kilcoole",
        "street": "7835 new road",
        "number": 3,
        "zipcode": "12926-3874",
        "geolocation": {
            "lat": "-37.3159",
            "long": "81.1496"
        }
    },
    "phone": "1-570-236-7033"
}
Request method:	POST
Request URI:	https://fakestoreapi.com/users
Proxy:			<none>
Request params:	<none>
Query params:	<none>
Form params:	<none>
Path params:	<none>
Headers:		Accept=application/json, application/javascript, text/javascript, text/json
				Content-Type=application/json
Cookies:		<none>
Multiparts:		<none>
Body:
{
    "id": 0,
    "email": "john.doe+e696bf77@example.com",
    "username": "johndoe_284f9e0f",
    "password": "Password123",
    "name": {
        "firstname": "John",
        "lastname": "Doe"
    },
    "address": {
        "city": "kilcoole",
        "street": "7835 new road",
        "number": 3,
        "zipcode": "12926-3874",
        "geolocation": {
            "lat": "-37.3159",
            "long": "81.1496"
        }
    },
    "phone": "1-570-236-7033"
}
Request method:	POST
Request URI:	https://fakestoreapi.com/users
Proxy:			<none>
Request params:	<none>
Query params:	<none>
Form params:	<none>
Path params:	<none>
Headers:		Accept=application/json, application/javascript, text/javascript, text/json
				Content-Type=application/json
Cookies:		<none>
Multiparts:		<none>
Body:
{
    "id": 0,
    "email": "john.doe+e696bf77@example.com",
    "username": "johndoe_284f9e0f",
    "password": "Password123",
    "name": {
        "firstname": "John",
        "lastname": "Doe"
    },
    "address": {
        "city": "kilcoole",
        "street": "7835 new road",
        "number": 3,
        "zipcode": "12926-3874",
        "geolocation": {
            "lat": "-37.3159",
            "long": "81.1496"
        }
    },
    "phone": "1-570-236-7033"
}
Request method:	POST
Request URI:	https://fakestoreapi.com/carts
Proxy:			<none>
Request params:	<none>
Query params:	<none>
Form params:	<none>
Path params:	<none>
Headers:		Accept=application/json, application/javascript, text/javascript, text/json
				Content-Type=application/json
Cookies:		<none>
Multiparts:		<none>
Body:
{
    "id": 0,
    "userId": 11,
    "date": "2025-08-13",
    "products": [
        {
            "productId": 1,
            "quantity": 2
        },
        {
            "productId": 2,
            "quantity": 1
        }
    ]
}
Request method:	POST
Request URI:	https://fakestoreapi.com/carts
Proxy:			<none>
Request params:	<none>
Query params:	<none>
Form params:	<none>
Path params:	<none>
Headers:		Accept=application/json, application/javascript, text/javascript, text/json
				Content-Type=application/json
Cookies:		<none>
Multiparts:		<none>
Body:
{
    "id": 0,
    "userId": 11,
    "date": "2025-08-13",
    "products": [
        {
            "productId": 1,
            "quantity": 2
        },
        {
            "productId": 2,
            "quantity": 1
        }
    ]
}
Request method:	POST
Request URI:	https://fakestoreapi.com/carts
Proxy:			<none>
Request params:	<none>
Query params:	<none>
Form params:	<none>
Path params:	<none>
Headers:		Accept=application/json, application/javascript, text/javascript, text/json
				Content-Type=application/json
Cookies:		<none>
Multiparts:		<none>
Body:
{
    "id": 0,
    "userId": 11,
    "date": "2025-08-13",
    "products": [
        {
            "productId": 1,
            "quantity": 2
        },
        {
            "productId": 2,
            "quantity": 1
        }
    ]
}
Request method:	POST
Request URI:	https://fakestoreapi.com/carts
Proxy:			<none>
Request params:	<none>
Query params:	<none>
Form params:	<none>
Path params:	<none>
Headers:		Accept=application/json, application/javascript, text/javascript, text/json
				Content-Type=application/json
Cookies:		<none>
Multiparts:		<none>
Body:
{
    "id": 0,
    "userId": 11,
    "date": "2025-08-13",
    "products": [
        {
            "productId": 1,
            "quantity": 2
        },
        {
            "productId": 2,
            "quantity": 1
        }
    ]
}
Request method:	POST
Request URI:	https://fakestoreapi.com/carts
Proxy:			<none>
Request params:	<none>
Query params:	<none>
Form params:	<none>
Path params:	<none>
Headers:		Accept=application/json, application/javascript, text/javascript, text/json
				Content-Type=application/json
Cookies:		<none>
Multiparts:		<none>
Body:
{
    "id": 0,
    "userId": 11,
    "date": "2025-08-13",
    "products": [
        {
            "productId": 1,
            "quantity": 2
        },
        {
            "productId": 2,
            "quantity": 1
        }
    ]
}
Request method:	POST
Request URI:	https://fakestoreapi.com/carts
Proxy:			<none>
Request params:	<none>
Query params:	<none>
Form params:	<none>
Path params:	<none>
Headers:		Accept=application/json, application/javascript, text/javascript, text/json
				Content-Type=application/json
Cookies:		<none>
Multiparts:		<none>
Body:
{
    "id": 0,
    "userId": 11,
    "date": "2025-08-13",
    "products": [
        {
            "productId": 1,
            "quantity": 2
        },
        {
            "productId": 2,
            "quantity": 1
        }
    ]
}
Request method:	POST
Request URI:	https://fakestoreapi.com/carts
Proxy:			<none>
Request params:	<none>
Query params:	<none>
Form params:	<none>
Path params:	<none>
Headers:		Accept=application/json, application/javascript, text/javascript, text/json
				Content-Type=application/json
Cookies:		<none>
Multiparts:		<none>
Body:
{
    "id": 0,
    "userId": 11,
    "date": "2025-08-13",
    "products": [
        {
            "productId": 1,
            "quantity": 2
        },
        {
            "productId": 2,
            "quantity": 1
        }
    ]
}
]]></system-out>
  </testcase>
</testsuite>